Compiled application.js  (31ms)  (pid 12421)
Compiled jquery.js  (85ms)  (pid 12421)
Compiled jquery_ujs.js  (59ms)  (pid 12421)
Compiled items.js  (946ms)  (pid 12421)
Compiled main.js  (161ms)  (pid 12421)
Compiled users.js  (203ms)  (pid 12421)
Compiled application.css  (20ms)  (pid 12421)
Compiled items.css  (189ms)  (pid 12421)
Compiled listings.css  (16ms)  (pid 12421)
Compiled main.css  (205ms)  (pid 12421)
Compiled application.js  (4ms)  (pid 12442)
Compiled jquery.js  (3ms)  (pid 12442)
Compiled jquery_ujs.js  (0ms)  (pid 12442)
Compiled items.js  (367ms)  (pid 12442)
Compiled main.js  (134ms)  (pid 12442)
Compiled users.js  (129ms)  (pid 12442)
Compiled application.css  (5ms)  (pid 12442)
Compiled items.css  (142ms)  (pid 12442)
Compiled listings.css  (0ms)  (pid 12442)
Compiled main.css  (185ms)  (pid 12442)
Compiled application.js  (67ms)  (pid 5763)
Compiled jquery.js  (55ms)  (pid 5763)
Compiled jquery_ujs.js  (5ms)  (pid 5763)
Compiled twitter/bootstrap.js  (42ms)  (pid 5763)
Compiled twitter/bootstrap/bootstrap-transition.js  (2ms)  (pid 5763)
Compiled twitter/bootstrap/bootstrap-alert.js  (2ms)  (pid 5763)
Compiled twitter/bootstrap/bootstrap-modal.js  (3ms)  (pid 5763)
Compiled twitter/bootstrap/bootstrap-dropdown.js  (3ms)  (pid 5763)
Compiled twitter/bootstrap/bootstrap-scrollspy.js  (3ms)  (pid 5763)
Compiled twitter/bootstrap/bootstrap-tab.js  (3ms)  (pid 5763)
Compiled twitter/bootstrap/bootstrap-tooltip.js  (4ms)  (pid 5763)
Compiled twitter/bootstrap/bootstrap-popover.js  (2ms)  (pid 5763)
Compiled twitter/bootstrap/bootstrap-button.js  (3ms)  (pid 5763)
Compiled twitter/bootstrap/bootstrap-collapse.js  (3ms)  (pid 5763)
Compiled twitter/bootstrap/bootstrap-carousel.js  (4ms)  (pid 5763)
Compiled twitter/bootstrap/bootstrap-typeahead.js  (4ms)  (pid 5763)
Compiled bootstrap.js  (274ms)  (pid 5763)
Compiled items.js  (22ms)  (pid 5763)
Compiled less.js  (98ms)  (pid 5763)
Compiled main.js  (16ms)  (pid 5763)
Compiled types.js  (24ms)  (pid 5763)
Compiled users.js  (2ms)  (pid 5763)
Compiled application.css  (4ms)  (pid 5763)
Compiled bootstrap_and_overrides.css  (798ms)  (pid 5763)
Compiled devise_example.css  (47ms)  (pid 5763)
Compiled items.css  (28ms)  (pid 5763)
Compiled items_main.css  (0ms)  (pid 5763)
Compiled main.css  (36ms)  (pid 5763)
Compiled application.js  (67ms)  (pid 816)
Compiled jquery.js  (55ms)  (pid 816)
Compiled jquery_ujs.js  (6ms)  (pid 816)
Compiled twitter/bootstrap.js  (42ms)  (pid 816)
Compiled twitter/bootstrap/bootstrap-transition.js  (3ms)  (pid 816)
Compiled twitter/bootstrap/bootstrap-alert.js  (3ms)  (pid 816)
Compiled twitter/bootstrap/bootstrap-modal.js  (3ms)  (pid 816)
Compiled twitter/bootstrap/bootstrap-dropdown.js  (2ms)  (pid 816)
Compiled twitter/bootstrap/bootstrap-scrollspy.js  (3ms)  (pid 816)
Compiled twitter/bootstrap/bootstrap-tab.js  (2ms)  (pid 816)
Compiled twitter/bootstrap/bootstrap-tooltip.js  (5ms)  (pid 816)
Compiled twitter/bootstrap/bootstrap-popover.js  (4ms)  (pid 816)
Compiled twitter/bootstrap/bootstrap-button.js  (3ms)  (pid 816)
Compiled twitter/bootstrap/bootstrap-collapse.js  (5ms)  (pid 816)
Compiled twitter/bootstrap/bootstrap-carousel.js  (4ms)  (pid 816)
Compiled twitter/bootstrap/bootstrap-typeahead.js  (3ms)  (pid 816)
Compiled bootstrap.js  (485ms)  (pid 816)
Compiled items.js  (172ms)  (pid 816)
Compiled less.js  (191ms)  (pid 816)
Compiled main.js  (174ms)  (pid 816)
Compiled types.js  (187ms)  (pid 816)
Compiled users.js  (15ms)  (pid 816)
Compiled application.css  (41ms)  (pid 816)
Compiled bootstrap_and_overrides.css  (990ms)  (pid 816)
Compiled devise_example.css  (24ms)  (pid 816)
Compiled items.css  (292ms)  (pid 816)
Compiled items_main.css  (116ms)  (pid 816)
Compiled main.css  (58ms)  (pid 816)
Compiled jquery.js  (2ms)  (pid 1966)
Compiled jquery_ujs.js  (0ms)  (pid 1966)
Compiled bootstrap.js  (767ms)  (pid 1966)
Compiled contact.js  (125ms)  (pid 1966)
Compiled items.js  (190ms)  (pid 1966)
Compiled less.js  (0ms)  (pid 1966)
Compiled main.js  (132ms)  (pid 1966)
Compiled sessions.js  (136ms)  (pid 1966)
Compiled types.js  (190ms)  (pid 1966)
Compiled users.js  (126ms)  (pid 1966)
Compiled twitter/bootstrap/bootstrap-transition.js  (0ms)  (pid 1966)
Compiled twitter/bootstrap/bootstrap-alert.js  (0ms)  (pid 1966)
Compiled twitter/bootstrap/bootstrap-modal.js  (0ms)  (pid 1966)
Compiled twitter/bootstrap/bootstrap-dropdown.js  (0ms)  (pid 1966)
Compiled twitter/bootstrap/bootstrap-scrollspy.js  (1ms)  (pid 1966)
Compiled twitter/bootstrap/bootstrap-tab.js  (0ms)  (pid 1966)
Compiled twitter/bootstrap/bootstrap-tooltip.js  (0ms)  (pid 1966)
Compiled twitter/bootstrap/bootstrap-popover.js  (0ms)  (pid 1966)
Compiled twitter/bootstrap/bootstrap-button.js  (0ms)  (pid 1966)
Compiled twitter/bootstrap/bootstrap-collapse.js  (0ms)  (pid 1966)
Compiled twitter/bootstrap/bootstrap-carousel.js  (0ms)  (pid 1966)
Compiled twitter/bootstrap/bootstrap-typeahead.js  (1ms)  (pid 1966)
Compiled twitter/bootstrap/bootstrap-affix.js  (0ms)  (pid 1966)
Compiled twitter/bootstrap.js  (335ms)  (pid 1966)
Compiled application.js  (2431ms)  (pid 1966)
Compiled application.css  (119ms)  (pid 1966)
Compiled jquery.js  (2ms)  (pid 3144)
Compiled jquery_ujs.js  (0ms)  (pid 3144)
Compiled bootstrap.js  (536ms)  (pid 3144)
Compiled contact.js  (124ms)  (pid 3144)
Compiled items.js  (124ms)  (pid 3144)
Compiled less.js  (1ms)  (pid 3144)
Compiled main.js  (127ms)  (pid 3144)
Compiled sessions.js  (123ms)  (pid 3144)
Compiled types.js  (123ms)  (pid 3144)
Compiled users.js  (122ms)  (pid 3144)
Compiled twitter/bootstrap/bootstrap-transition.js  (0ms)  (pid 3144)
Compiled twitter/bootstrap/bootstrap-alert.js  (0ms)  (pid 3144)
Compiled twitter/bootstrap/bootstrap-modal.js  (1ms)  (pid 3144)
Compiled twitter/bootstrap/bootstrap-dropdown.js  (0ms)  (pid 3144)
Compiled twitter/bootstrap/bootstrap-scrollspy.js  (1ms)  (pid 3144)
Compiled twitter/bootstrap/bootstrap-tab.js  (1ms)  (pid 3144)
Compiled twitter/bootstrap/bootstrap-tooltip.js  (1ms)  (pid 3144)
Compiled twitter/bootstrap/bootstrap-popover.js  (0ms)  (pid 3144)
Compiled twitter/bootstrap/bootstrap-button.js  (1ms)  (pid 3144)
Compiled twitter/bootstrap/bootstrap-collapse.js  (0ms)  (pid 3144)
Compiled twitter/bootstrap/bootstrap-carousel.js  (0ms)  (pid 3144)
Compiled twitter/bootstrap/bootstrap-typeahead.js  (0ms)  (pid 3144)
Compiled twitter/bootstrap/bootstrap-affix.js  (0ms)  (pid 3144)
Compiled twitter/bootstrap.js  (363ms)  (pid 3144)
Compiled application.js  (2313ms)  (pid 3144)
Compiled application.css  (61ms)  (pid 3144)
Compiled bootstrap_and_overrides.css  (2884ms)  (pid 3144)
Compiled contact.css  (3ms)  (pid 3144)
Compiled devise_example.css  (0ms)  (pid 3144)
Compiled items.css  (3ms)  (pid 3144)
Compiled items_main.css  (0ms)  (pid 3144)
Compiled listings.css  (0ms)  (pid 3144)
Compiled main.css  (3ms)  (pid 3144)
Compiled scaffolds.css  (15ms)  (pid 3144)
Compiled sessions.css  (3ms)  (pid 3144)
Compiled template.css  (0ms)  (pid 3144)
Compiled template2.css  (0ms)  (pid 3144)
Compiled template3.css  (2177ms)  (pid 3144)
Compiled types.css  (3ms)  (pid 3144)
Compiled users.css  (2ms)  (pid 3144)
Compiled application.css  (5644ms)  (pid 3144)
Compiled jquery.js  (48ms)  (pid 1745)
Compiled jquery_ujs.js  (0ms)  (pid 1745)
Compiled bootstrap.js  (266ms)  (pid 1745)
Compiled contact.js  (181ms)  (pid 1745)
Compiled items.js  (127ms)  (pid 1745)
Compiled less.js  (1ms)  (pid 1745)
Compiled main.js  (123ms)  (pid 1745)
Compiled sessions.js  (175ms)  (pid 1745)
Compiled types.js  (124ms)  (pid 1745)
Compiled users.js  (125ms)  (pid 1745)
Compiled twitter/bootstrap/bootstrap-transition.js  (0ms)  (pid 1745)
Compiled twitter/bootstrap/bootstrap-alert.js  (0ms)  (pid 1745)
Compiled twitter/bootstrap/bootstrap-modal.js  (1ms)  (pid 1745)
Compiled twitter/bootstrap/bootstrap-dropdown.js  (2ms)  (pid 1745)
Compiled twitter/bootstrap/bootstrap-scrollspy.js  (1ms)  (pid 1745)
Compiled twitter/bootstrap/bootstrap-tab.js  (1ms)  (pid 1745)
Compiled twitter/bootstrap/bootstrap-tooltip.js  (1ms)  (pid 1745)
Compiled twitter/bootstrap/bootstrap-popover.js  (1ms)  (pid 1745)
Compiled twitter/bootstrap/bootstrap-button.js  (0ms)  (pid 1745)
Compiled twitter/bootstrap/bootstrap-collapse.js  (0ms)  (pid 1745)
Compiled twitter/bootstrap/bootstrap-carousel.js  (0ms)  (pid 1745)
Compiled twitter/bootstrap/bootstrap-typeahead.js  (0ms)  (pid 1745)
Compiled twitter/bootstrap/bootstrap-affix.js  (0ms)  (pid 1745)
Compiled twitter/bootstrap.js  (370ms)  (pid 1745)
Compiled application.js  (2110ms)  (pid 1745)
Compiled application.css  (67ms)  (pid 1745)
Compiled bootstrap_and_overrides.css  (3202ms)  (pid 1745)
Compiled contact.css  (4ms)  (pid 1745)
Compiled devise_example.css  (0ms)  (pid 1745)
Compiled items.css  (3ms)  (pid 1745)
Compiled items_main.css  (0ms)  (pid 1745)
Compiled listings.css  (0ms)  (pid 1745)
Compiled main.css  (3ms)  (pid 1745)
Compiled scaffolds.css  (13ms)  (pid 1745)
Compiled sessions.css  (3ms)  (pid 1745)
Compiled template.css  (0ms)  (pid 1745)
Compiled template2.css  (1ms)  (pid 1745)
Compiled template3.css  (2218ms)  (pid 1745)
Compiled types.css  (4ms)  (pid 1745)
Compiled users.css  (3ms)  (pid 1745)
Compiled application.css  (6021ms)  (pid 1745)
Compiled jquery.js  (47ms)  (pid 2194)
Compiled jquery_ujs.js  (0ms)  (pid 2194)
Compiled bootstrap.js  (205ms)  (pid 2194)
Compiled contact.js  (176ms)  (pid 2194)
Compiled items.js  (128ms)  (pid 2194)
Compiled less.js  (1ms)  (pid 2194)
Compiled main.js  (125ms)  (pid 2194)
Compiled sessions.js  (173ms)  (pid 2194)
Compiled types.js  (127ms)  (pid 2194)
Compiled users.js  (128ms)  (pid 2194)
Compiled twitter/bootstrap/bootstrap-transition.js  (0ms)  (pid 2194)
Compiled twitter/bootstrap/bootstrap-alert.js  (2ms)  (pid 2194)
Compiled twitter/bootstrap/bootstrap-modal.js  (0ms)  (pid 2194)
Compiled twitter/bootstrap/bootstrap-dropdown.js  (0ms)  (pid 2194)
Compiled twitter/bootstrap/bootstrap-scrollspy.js  (0ms)  (pid 2194)
Compiled twitter/bootstrap/bootstrap-tab.js  (0ms)  (pid 2194)
Compiled twitter/bootstrap/bootstrap-tooltip.js  (0ms)  (pid 2194)
Compiled twitter/bootstrap/bootstrap-popover.js  (0ms)  (pid 2194)
Compiled twitter/bootstrap/bootstrap-button.js  (0ms)  (pid 2194)
Compiled twitter/bootstrap/bootstrap-collapse.js  (0ms)  (pid 2194)
Compiled twitter/bootstrap/bootstrap-carousel.js  (0ms)  (pid 2194)
Compiled twitter/bootstrap/bootstrap-typeahead.js  (46ms)  (pid 2194)
Compiled twitter/bootstrap/bootstrap-affix.js  (0ms)  (pid 2194)
Compiled twitter/bootstrap.js  (341ms)  (pid 2194)
Compiled application.js  (1946ms)  (pid 2194)
Compiled bootstrap_and_overrides.css  (3160ms)  (pid 2194)
Compiled contact.css  (4ms)  (pid 2194)
Compiled devise_example.css  (0ms)  (pid 2194)
Compiled items.css  (2ms)  (pid 2194)
Compiled items_main.css  (0ms)  (pid 2194)
Compiled listings.css  (0ms)  (pid 2194)
Compiled main.css  (3ms)  (pid 2194)
Compiled scaffolds.css  (18ms)  (pid 2194)
Compiled sessions.css  (4ms)  (pid 2194)
Compiled template.css  (0ms)  (pid 2194)
Compiled template2.css  (0ms)  (pid 2194)
Compiled template3.css  (2184ms)  (pid 2194)
Compiled types.css  (3ms)  (pid 2194)
Compiled users.css  (2ms)  (pid 2194)
Compiled application.css  (5833ms)  (pid 2194)
Compiled jquery.js  (3ms)  (pid 2563)
Compiled jquery_ujs.js  (0ms)  (pid 2563)
Compiled bootstrap.js  (239ms)  (pid 2563)
Compiled contact.js  (138ms)  (pid 2563)
Compiled items.js  (148ms)  (pid 2563)
Compiled less.js  (0ms)  (pid 2563)
Compiled main.js  (209ms)  (pid 2563)
Compiled sessions.js  (198ms)  (pid 2563)
Compiled types.js  (202ms)  (pid 2563)
Compiled users.js  (151ms)  (pid 2563)
Compiled twitter/bootstrap/bootstrap-transition.js  (0ms)  (pid 2563)
Compiled twitter/bootstrap/bootstrap-alert.js  (0ms)  (pid 2563)
Compiled twitter/bootstrap/bootstrap-modal.js  (0ms)  (pid 2563)
Compiled twitter/bootstrap/bootstrap-dropdown.js  (2ms)  (pid 2563)
Compiled twitter/bootstrap/bootstrap-scrollspy.js  (0ms)  (pid 2563)
Compiled twitter/bootstrap/bootstrap-tab.js  (3ms)  (pid 2563)
Compiled twitter/bootstrap/bootstrap-tooltip.js  (0ms)  (pid 2563)
Compiled twitter/bootstrap/bootstrap-popover.js  (0ms)  (pid 2563)
Compiled twitter/bootstrap/bootstrap-button.js  (1ms)  (pid 2563)
Compiled twitter/bootstrap/bootstrap-collapse.js  (1ms)  (pid 2563)
Compiled twitter/bootstrap/bootstrap-carousel.js  (0ms)  (pid 2563)
Compiled twitter/bootstrap/bootstrap-typeahead.js  (1ms)  (pid 2563)
Compiled twitter/bootstrap/bootstrap-affix.js  (1ms)  (pid 2563)
Compiled twitter/bootstrap.js  (466ms)  (pid 2563)
Compiled application.js  (2291ms)  (pid 2563)
Compiled bootstrap_and_overrides.css  (4427ms)  (pid 2563)
Compiled contact.css  (3ms)  (pid 2563)
Compiled devise_example.css  (0ms)  (pid 2563)
Compiled items.css  (16ms)  (pid 2563)
Compiled items_main.css  (0ms)  (pid 2563)
Compiled listings.css  (0ms)  (pid 2563)
Compiled main.css  (12ms)  (pid 2563)
Compiled scaffolds.css  (21ms)  (pid 2563)
Compiled sessions.css  (10ms)  (pid 2563)
Compiled template.css  (0ms)  (pid 2563)
Compiled template2.css  (0ms)  (pid 2563)
Compiled template3.css  (2949ms)  (pid 2563)
Compiled types.css  (4ms)  (pid 2563)
Compiled users.css  (2ms)  (pid 2563)
Compiled application.css  (8202ms)  (pid 2563)
Compiled jquery.js  (3ms)  (pid 2729)
Compiled jquery_ujs.js  (0ms)  (pid 2729)
Compiled bootstrap.js  (198ms)  (pid 2729)
Compiled contact.js  (128ms)  (pid 2729)
Compiled items.js  (133ms)  (pid 2729)
Compiled less.js  (1ms)  (pid 2729)
Compiled main.js  (132ms)  (pid 2729)
Compiled sessions.js  (127ms)  (pid 2729)
Compiled types.js  (128ms)  (pid 2729)
Compiled users.js  (126ms)  (pid 2729)
Compiled twitter/bootstrap/bootstrap-transition.js  (0ms)  (pid 2729)
Compiled twitter/bootstrap/bootstrap-alert.js  (0ms)  (pid 2729)
Compiled twitter/bootstrap/bootstrap-modal.js  (0ms)  (pid 2729)
Compiled twitter/bootstrap/bootstrap-dropdown.js  (0ms)  (pid 2729)
Compiled twitter/bootstrap/bootstrap-scrollspy.js  (0ms)  (pid 2729)
Compiled twitter/bootstrap/bootstrap-tab.js  (0ms)  (pid 2729)
Compiled twitter/bootstrap/bootstrap-tooltip.js  (0ms)  (pid 2729)
Compiled twitter/bootstrap/bootstrap-popover.js  (0ms)  (pid 2729)
Compiled twitter/bootstrap/bootstrap-button.js  (0ms)  (pid 2729)
Compiled twitter/bootstrap/bootstrap-collapse.js  (3ms)  (pid 2729)
Compiled twitter/bootstrap/bootstrap-carousel.js  (0ms)  (pid 2729)
Compiled twitter/bootstrap/bootstrap-typeahead.js  (0ms)  (pid 2729)
Compiled twitter/bootstrap/bootstrap-affix.js  (0ms)  (pid 2729)
Compiled twitter/bootstrap.js  (313ms)  (pid 2729)
Compiled application.js  (2129ms)  (pid 2729)
Compiled bootstrap_and_overrides.css  (3517ms)  (pid 2729)
Compiled contact.css  (3ms)  (pid 2729)
Compiled devise_example.css  (0ms)  (pid 2729)
Compiled items.css  (4ms)  (pid 2729)
Compiled items_main.css  (0ms)  (pid 2729)
Compiled listings.css  (0ms)  (pid 2729)
Compiled main.css  (3ms)  (pid 2729)
Compiled scaffolds.css  (14ms)  (pid 2729)
Compiled sessions.css  (3ms)  (pid 2729)
Compiled template.css  (0ms)  (pid 2729)
Compiled template2.css  (0ms)  (pid 2729)
Compiled jquery.js  (3ms)  (pid 4901)
Compiled jquery_ujs.js  (0ms)  (pid 4901)
Compiled bootstrap.js  (503ms)  (pid 4901)
Compiled contact.js  (125ms)  (pid 4901)
Compiled items.js  (139ms)  (pid 4901)
Compiled less.js  (1ms)  (pid 4901)
Compiled main.js  (134ms)  (pid 4901)
Compiled sessions.js  (126ms)  (pid 4901)
Compiled types.js  (142ms)  (pid 4901)
Compiled users.js  (147ms)  (pid 4901)
Compiled twitter/bootstrap/bootstrap-transition.js  (0ms)  (pid 4901)
Compiled twitter/bootstrap/bootstrap-alert.js  (0ms)  (pid 4901)
Compiled twitter/bootstrap/bootstrap-modal.js  (1ms)  (pid 4901)
Compiled twitter/bootstrap/bootstrap-dropdown.js  (0ms)  (pid 4901)
Compiled twitter/bootstrap/bootstrap-scrollspy.js  (0ms)  (pid 4901)
Compiled twitter/bootstrap/bootstrap-tab.js  (1ms)  (pid 4901)
Compiled twitter/bootstrap/bootstrap-tooltip.js  (0ms)  (pid 4901)
Compiled twitter/bootstrap/bootstrap-popover.js  (0ms)  (pid 4901)
Compiled twitter/bootstrap/bootstrap-button.js  (1ms)  (pid 4901)
Compiled twitter/bootstrap/bootstrap-collapse.js  (0ms)  (pid 4901)
Compiled twitter/bootstrap/bootstrap-carousel.js  (0ms)  (pid 4901)
Compiled twitter/bootstrap/bootstrap-typeahead.js  (0ms)  (pid 4901)
Compiled twitter/bootstrap/bootstrap-affix.js  (0ms)  (pid 4901)
Compiled twitter/bootstrap.js  (396ms)  (pid 4901)
Compiled application.js  (2451ms)  (pid 4901)
Compiled bootstrap_and_overrides.css  (2946ms)  (pid 4901)
Compiled contact.css  (3ms)  (pid 4901)
Compiled devise_example.css  (0ms)  (pid 4901)
Compiled items.css  (2ms)  (pid 4901)
Compiled items_main.css  (2ms)  (pid 4901)
Compiled listings.css  (0ms)  (pid 4901)
Compiled main.css  (3ms)  (pid 4901)
Compiled scaffolds.css  (18ms)  (pid 4901)
Compiled sessions.css  (3ms)  (pid 4901)
Compiled template.css  (0ms)  (pid 4901)
Compiled template2.css  (1ms)  (pid 4901)
Compiled template3.css  (2543ms)  (pid 4901)
Compiled types.css  (3ms)  (pid 4901)
Compiled users.css  (2ms)  (pid 4901)
Compiled application.css  (5940ms)  (pid 4901)
Compiled jquery.js  (3ms)  (pid 3887)
Compiled jquery_ujs.js  (0ms)  (pid 3887)
Compiled bootstrap.js  (471ms)  (pid 3887)
Compiled contact.js  (129ms)  (pid 3887)
Compiled items.js  (132ms)  (pid 3887)
Compiled less.js  (1ms)  (pid 3887)
Compiled main.js  (130ms)  (pid 3887)
Compiled sessions.js  (128ms)  (pid 3887)
Compiled types.js  (126ms)  (pid 3887)
Compiled users.js  (126ms)  (pid 3887)
Compiled twitter/bootstrap/bootstrap-transition.js  (0ms)  (pid 3887)
Compiled twitter/bootstrap/bootstrap-alert.js  (0ms)  (pid 3887)
Compiled twitter/bootstrap/bootstrap-modal.js  (0ms)  (pid 3887)
Compiled twitter/bootstrap/bootstrap-dropdown.js  (0ms)  (pid 3887)
Compiled twitter/bootstrap/bootstrap-scrollspy.js  (0ms)  (pid 3887)
Compiled twitter/bootstrap/bootstrap-tab.js  (0ms)  (pid 3887)
Compiled twitter/bootstrap/bootstrap-tooltip.js  (0ms)  (pid 3887)
Compiled twitter/bootstrap/bootstrap-popover.js  (0ms)  (pid 3887)
Compiled twitter/bootstrap/bootstrap-button.js  (0ms)  (pid 3887)
Compiled twitter/bootstrap/bootstrap-collapse.js  (0ms)  (pid 3887)
Compiled twitter/bootstrap/bootstrap-carousel.js  (1ms)  (pid 3887)
Compiled twitter/bootstrap/bootstrap-typeahead.js  (0ms)  (pid 3887)
Compiled twitter/bootstrap/bootstrap-affix.js  (0ms)  (pid 3887)
Compiled twitter/bootstrap.js  (334ms)  (pid 3887)
Compiled application.js  (2247ms)  (pid 3887)
Compiled bootstrap_and_overrides.css  (3240ms)  (pid 3887)
Compiled contact.css  (4ms)  (pid 3887)
Compiled devise_example.css  (0ms)  (pid 3887)
Compiled items.css  (3ms)  (pid 3887)
Compiled items_main.css  (0ms)  (pid 3887)
Compiled listings.css  (0ms)  (pid 3887)
Compiled main.css  (3ms)  (pid 3887)
Compiled scaffolds.css  (14ms)  (pid 3887)
Compiled sessions.css  (4ms)  (pid 3887)
Compiled template.css  (0ms)  (pid 3887)
Compiled template2.css  (0ms)  (pid 3887)
Compiled template3.css  (2284ms)  (pid 3887)
Compiled types.css  (3ms)  (pid 3887)
Compiled users.css  (2ms)  (pid 3887)
Compiled application.css  (6082ms)  (pid 3887)
Compiled jquery.js  (3ms)  (pid 3961)
Compiled jquery_ujs.js  (0ms)  (pid 3961)
Compiled bootstrap.js  (153ms)  (pid 3961)
Compiled contact.js  (187ms)  (pid 3961)
Compiled items.js  (125ms)  (pid 3961)
Compiled less.js  (1ms)  (pid 3961)
Compiled main.js  (127ms)  (pid 3961)
Compiled sessions.js  (124ms)  (pid 3961)
Compiled types.js  (169ms)  (pid 3961)
Compiled users.js  (141ms)  (pid 3961)
Compiled twitter/bootstrap/bootstrap-transition.js  (0ms)  (pid 3961)
Compiled twitter/bootstrap/bootstrap-alert.js  (1ms)  (pid 3961)
Compiled twitter/bootstrap/bootstrap-modal.js  (0ms)  (pid 3961)
Compiled twitter/bootstrap/bootstrap-dropdown.js  (0ms)  (pid 3961)
Compiled twitter/bootstrap/bootstrap-scrollspy.js  (0ms)  (pid 3961)
Compiled twitter/bootstrap/bootstrap-tab.js  (1ms)  (pid 3961)
Compiled twitter/bootstrap/bootstrap-tooltip.js  (1ms)  (pid 3961)
Compiled twitter/bootstrap/bootstrap-popover.js  (0ms)  (pid 3961)
Compiled twitter/bootstrap/bootstrap-button.js  (0ms)  (pid 3961)
Compiled twitter/bootstrap/bootstrap-collapse.js  (0ms)  (pid 3961)
Compiled twitter/bootstrap/bootstrap-carousel.js  (1ms)  (pid 3961)
Compiled twitter/bootstrap/bootstrap-typeahead.js  (0ms)  (pid 3961)
Compiled twitter/bootstrap/bootstrap-affix.js  (0ms)  (pid 3961)
Compiled twitter/bootstrap.js  (344ms)  (pid 3961)
Compiled application.js  (1662ms)  (pid 3961)
Compiled bootstrap_and_overrides.css  (2880ms)  (pid 3961)
Compiled contact.css  (3ms)  (pid 3961)
Compiled devise_example.css  (0ms)  (pid 3961)
Compiled items.css  (7ms)  (pid 3961)
Compiled items_main.css  (0ms)  (pid 3961)
Compiled listings.css  (1ms)  (pid 3961)
Compiled main.css  (3ms)  (pid 3961)
Compiled scaffolds.css  (23ms)  (pid 3961)
Compiled sessions.css  (5ms)  (pid 3961)
Compiled template.css  (0ms)  (pid 3961)
Compiled template2.css  (0ms)  (pid 3961)
Compiled template3.css  (2328ms)  (pid 3961)
Compiled types.css  (4ms)  (pid 3961)
Compiled users.css  (2ms)  (pid 3961)
Compiled application.css  (5574ms)  (pid 3961)
Compiled jquery.js  (3ms)  (pid 4097)
Compiled jquery_ujs.js  (0ms)  (pid 4097)
Compiled bootstrap.js  (151ms)  (pid 4097)
Compiled contact.js  (127ms)  (pid 4097)
Compiled items.js  (126ms)  (pid 4097)
Compiled less.js  (0ms)  (pid 4097)
Compiled main.js  (127ms)  (pid 4097)
Compiled sessions.js  (129ms)  (pid 4097)
Compiled types.js  (136ms)  (pid 4097)
Compiled users.js  (141ms)  (pid 4097)
Compiled twitter/bootstrap/bootstrap-transition.js  (0ms)  (pid 4097)
Compiled twitter/bootstrap/bootstrap-alert.js  (1ms)  (pid 4097)
Compiled twitter/bootstrap/bootstrap-modal.js  (0ms)  (pid 4097)
Compiled twitter/bootstrap/bootstrap-dropdown.js  (0ms)  (pid 4097)
Compiled twitter/bootstrap/bootstrap-scrollspy.js  (0ms)  (pid 4097)
Compiled twitter/bootstrap/bootstrap-tab.js  (0ms)  (pid 4097)
Compiled twitter/bootstrap/bootstrap-tooltip.js  (0ms)  (pid 4097)
Compiled twitter/bootstrap/bootstrap-popover.js  (0ms)  (pid 4097)
Compiled twitter/bootstrap/bootstrap-button.js  (0ms)  (pid 4097)
Compiled twitter/bootstrap/bootstrap-collapse.js  (2ms)  (pid 4097)
Compiled twitter/bootstrap/bootstrap-carousel.js  (0ms)  (pid 4097)
Compiled twitter/bootstrap/bootstrap-typeahead.js  (0ms)  (pid 4097)
Compiled twitter/bootstrap/bootstrap-affix.js  (0ms)  (pid 4097)
Compiled twitter/bootstrap.js  (338ms)  (pid 4097)
Compiled application.js  (1654ms)  (pid 4097)
Compiled bootstrap_and_overrides.css  (3236ms)  (pid 4097)
Compiled contact.css  (3ms)  (pid 4097)
Compiled devise_example.css  (1ms)  (pid 4097)
Compiled items.css  (5ms)  (pid 4097)
Compiled items_main.css  (0ms)  (pid 4097)
Compiled listings.css  (1ms)  (pid 4097)
Compiled main.css  (4ms)  (pid 4097)
Compiled scaffolds.css  (17ms)  (pid 4097)
Compiled sessions.css  (4ms)  (pid 4097)
Compiled template.css  (0ms)  (pid 4097)
Compiled template2.css  (0ms)  (pid 4097)
Compiled template3.css  (2206ms)  (pid 4097)
Compiled types.css  (4ms)  (pid 4097)
Compiled users.css  (2ms)  (pid 4097)
Compiled application.css  (5802ms)  (pid 4097)
Compiled jquery.js  (104ms)  (pid 6325)
Compiled jquery_ujs.js  (1ms)  (pid 6325)
Compiled bootstrap.js  (398ms)  (pid 6325)
Compiled contact.js  (353ms)  (pid 6325)
Compiled items.js  (130ms)  (pid 6325)
Compiled less.js  (1ms)  (pid 6325)
Compiled main.js  (157ms)  (pid 6325)
Compiled sessions.js  (353ms)  (pid 6325)
Compiled types.js  (143ms)  (pid 6325)
Compiled users.js  (150ms)  (pid 6325)
Compiled twitter/bootstrap/bootstrap-transition.js  (0ms)  (pid 6325)
Compiled twitter/bootstrap/bootstrap-alert.js  (0ms)  (pid 6325)
Compiled twitter/bootstrap/bootstrap-modal.js  (2ms)  (pid 6325)
Compiled twitter/bootstrap/bootstrap-dropdown.js  (1ms)  (pid 6325)
Compiled twitter/bootstrap/bootstrap-scrollspy.js  (0ms)  (pid 6325)
Compiled twitter/bootstrap/bootstrap-tab.js  (0ms)  (pid 6325)
Compiled twitter/bootstrap/bootstrap-tooltip.js  (0ms)  (pid 6325)
Compiled twitter/bootstrap/bootstrap-popover.js  (0ms)  (pid 6325)
Compiled twitter/bootstrap/bootstrap-button.js  (0ms)  (pid 6325)
Compiled twitter/bootstrap/bootstrap-collapse.js  (1ms)  (pid 6325)
Compiled twitter/bootstrap/bootstrap-carousel.js  (0ms)  (pid 6325)
Compiled twitter/bootstrap/bootstrap-typeahead.js  (0ms)  (pid 6325)
Compiled twitter/bootstrap/bootstrap-affix.js  (1ms)  (pid 6325)
Compiled twitter/bootstrap.js  (574ms)  (pid 6325)
Compiled application.js  (3202ms)  (pid 6325)
Compiled bootstrap_and_overrides.css  (3619ms)  (pid 6325)
Compiled contact.css  (3ms)  (pid 6325)
Compiled devise_example.css  (0ms)  (pid 6325)
Compiled items.css  (3ms)  (pid 6325)
Compiled items_main.css  (1ms)  (pid 6325)
Compiled listings.css  (0ms)  (pid 6325)
Compiled main.css  (3ms)  (pid 6325)
Compiled scaffolds.css  (13ms)  (pid 6325)
Compiled sessions.css  (4ms)  (pid 6325)
Compiled template.css  (1ms)  (pid 6325)
Compiled template2.css  (0ms)  (pid 6325)
Compiled template3.css  (2563ms)  (pid 6325)
Compiled types.css  (3ms)  (pid 6325)
Compiled users.css  (3ms)  (pid 6325)
Compiled application.css  (6784ms)  (pid 6325)
Compiled jquery.js  (2ms)  (pid 6385)
Compiled jquery_ujs.js  (0ms)  (pid 6385)
Compiled bootstrap.js  (187ms)  (pid 6385)
Compiled contact.js  (135ms)  (pid 6385)
Compiled items.js  (138ms)  (pid 6385)
Compiled less.js  (0ms)  (pid 6385)
Compiled main.js  (216ms)  (pid 6385)
Compiled sessions.js  (137ms)  (pid 6385)
Compiled types.js  (142ms)  (pid 6385)
Compiled users.js  (131ms)  (pid 6385)
Compiled twitter/bootstrap/bootstrap-transition.js  (0ms)  (pid 6385)
Compiled twitter/bootstrap/bootstrap-alert.js  (0ms)  (pid 6385)
Compiled twitter/bootstrap/bootstrap-modal.js  (0ms)  (pid 6385)
Compiled twitter/bootstrap/bootstrap-dropdown.js  (0ms)  (pid 6385)
Compiled twitter/bootstrap/bootstrap-scrollspy.js  (0ms)  (pid 6385)
Compiled twitter/bootstrap/bootstrap-tab.js  (0ms)  (pid 6385)
Compiled twitter/bootstrap/bootstrap-tooltip.js  (0ms)  (pid 6385)
Compiled twitter/bootstrap/bootstrap-popover.js  (0ms)  (pid 6385)
Compiled twitter/bootstrap/bootstrap-button.js  (1ms)  (pid 6385)
Compiled twitter/bootstrap/bootstrap-collapse.js  (0ms)  (pid 6385)
Compiled twitter/bootstrap/bootstrap-carousel.js  (0ms)  (pid 6385)
Compiled twitter/bootstrap/bootstrap-typeahead.js  (0ms)  (pid 6385)
Compiled twitter/bootstrap/bootstrap-affix.js  (0ms)  (pid 6385)
Compiled twitter/bootstrap.js  (304ms)  (pid 6385)
Compiled application.js  (1859ms)  (pid 6385)
Compiled bootstrap_and_overrides.css  (3430ms)  (pid 6385)
Compiled contact.css  (3ms)  (pid 6385)
Compiled devise_example.css  (0ms)  (pid 6385)
Compiled items.css  (3ms)  (pid 6385)
Compiled items_main.css  (0ms)  (pid 6385)
Compiled listings.css  (0ms)  (pid 6385)
Compiled main.css  (4ms)  (pid 6385)
Compiled scaffolds.css  (19ms)  (pid 6385)
Compiled sessions.css  (6ms)  (pid 6385)
Compiled template.css  (0ms)  (pid 6385)
Compiled template2.css  (0ms)  (pid 6385)
Compiled template3.css  (2188ms)  (pid 6385)
Compiled types.css  (4ms)  (pid 6385)
Compiled users.css  (2ms)  (pid 6385)
Compiled application.css  (6003ms)  (pid 6385)
Compiled jquery.js  (3ms)  (pid 21607)
Compiled jquery_ujs.js  (0ms)  (pid 21607)
Compiled bootstrap.js  (481ms)  (pid 21607)
Compiled contact.js  (136ms)  (pid 21607)
Compiled items.js  (139ms)  (pid 21607)
Compiled less.js  (52ms)  (pid 21607)
Compiled main.js  (136ms)  (pid 21607)
Compiled sessions.js  (153ms)  (pid 21607)
Compiled types.js  (213ms)  (pid 21607)
Compiled users.js  (144ms)  (pid 21607)
Compiled application.js  (2059ms)  (pid 21607)
Compiled bootstrap_and_overrides.css  (3229ms)  (pid 21607)
Compiled contact.css  (3ms)  (pid 21607)
Compiled devise_example.css  (0ms)  (pid 21607)
Compiled items.css  (3ms)  (pid 21607)
Compiled items_main.css  (0ms)  (pid 21607)
Compiled listings.css  (0ms)  (pid 21607)
Compiled main.css  (3ms)  (pid 21607)
Compiled scaffolds.css  (18ms)  (pid 21607)
Compiled sessions.css  (8ms)  (pid 21607)
Compiled template.css  (1ms)  (pid 21607)
Compiled template2.css  (0ms)  (pid 21607)
Compiled template3.css  (2753ms)  (pid 21607)
Compiled types.css  (6ms)  (pid 21607)
Compiled users.css  (6ms)  (pid 21607)
Compiled application.css  (6548ms)  (pid 21607)
Compiled jquery.js  (3ms)  (pid 1454)
Compiled jquery_ujs.js  (2ms)  (pid 1454)
Compiled bootstrap.js  (626ms)  (pid 1454)
Compiled contact.js  (138ms)  (pid 1454)
Compiled items.js  (137ms)  (pid 1454)
Compiled less.js  (1ms)  (pid 1454)
Compiled main.js  (187ms)  (pid 1454)
Compiled sessions.js  (160ms)  (pid 1454)
Compiled types.js  (138ms)  (pid 1454)
Compiled users.js  (193ms)  (pid 1454)
Compiled application.js  (2933ms)  (pid 1454)
Compiled bootstrap_and_overrides.css  (3116ms)  (pid 1454)
Compiled contact.css  (3ms)  (pid 1454)
Compiled devise_example.css  (0ms)  (pid 1454)
Compiled items.css  (3ms)  (pid 1454)
Compiled items_main.css  (0ms)  (pid 1454)
Compiled listings.css  (0ms)  (pid 1454)
Compiled main.css  (3ms)  (pid 1454)
Compiled scaffolds.css  (10ms)  (pid 1454)
Compiled sessions.css  (2ms)  (pid 1454)
Compiled template.css  (0ms)  (pid 1454)
Compiled template2.css  (0ms)  (pid 1454)
Compiled template3.css  (2147ms)  (pid 1454)
Compiled types.css  (3ms)  (pid 1454)
Compiled users.css  (3ms)  (pid 1454)
Compiled application.css  (5752ms)  (pid 1454)
Compiled jquery.js  (4ms)  (pid 1585)
Compiled jquery_ujs.js  (0ms)  (pid 1585)
Compiled bootstrap.js  (528ms)  (pid 1585)
Compiled contact.js  (303ms)  (pid 1585)
Compiled items.js  (237ms)  (pid 1585)
Compiled less.js  (1ms)  (pid 1585)
Compiled main.js  (276ms)  (pid 1585)
Compiled sessions.js  (202ms)  (pid 1585)
Compiled types.js  (243ms)  (pid 1585)
Compiled users.js  (156ms)  (pid 1585)
Compiled application.js  (2776ms)  (pid 1585)
Compiled bootstrap_and_overrides.css  (3378ms)  (pid 1585)
Compiled contact.css  (41ms)  (pid 1585)
Compiled devise_example.css  (0ms)  (pid 1585)
Compiled items.css  (14ms)  (pid 1585)
Compiled items_main.css  (0ms)  (pid 1585)
Compiled listings.css  (0ms)  (pid 1585)
Compiled main.css  (2ms)  (pid 1585)
Compiled scaffolds.css  (11ms)  (pid 1585)
Compiled sessions.css  (3ms)  (pid 1585)
Compiled template.css  (0ms)  (pid 1585)
Compiled template2.css  (0ms)  (pid 1585)
Compiled template3.css  (2314ms)  (pid 1585)
Compiled types.css  (5ms)  (pid 1585)
Compiled users.css  (3ms)  (pid 1585)
Compiled application.css  (6464ms)  (pid 1585)
Compiled jquery.js  (2ms)  (pid 1585)
Compiled jquery_ujs.js  (1ms)  (pid 1585)
Compiled bootstrap.js  (495ms)  (pid 1585)
Compiled contact.js  (377ms)  (pid 1585)
Compiled items.js  (136ms)  (pid 1585)
Compiled less.js  (1ms)  (pid 1585)
Compiled main.js  (226ms)  (pid 1585)
Compiled sessions.js  (143ms)  (pid 1585)
Compiled types.js  (138ms)  (pid 1585)
Compiled users.js  (141ms)  (pid 1585)
Compiled application.js  (2882ms)  (pid 1585)
Compiled bootstrap_and_overrides.css  (4306ms)  (pid 1585)
Compiled contact.css  (3ms)  (pid 1585)
Compiled devise_example.css  (2ms)  (pid 1585)
Compiled items.css  (6ms)  (pid 1585)
Compiled items_main.css  (0ms)  (pid 1585)
Compiled listings.css  (0ms)  (pid 1585)
Compiled main.css  (51ms)  (pid 1585)
Compiled scaffolds.css  (20ms)  (pid 1585)
Compiled sessions.css  (3ms)  (pid 1585)
Compiled template.css  (0ms)  (pid 1585)
Compiled template2.css  (0ms)  (pid 1585)
Compiled template3.css  (2345ms)  (pid 1585)
Compiled types.css  (127ms)  (pid 1585)
Compiled users.css  (109ms)  (pid 1585)
Compiled application.css  (8959ms)  (pid 1585)
Compiled jquery.js  (3ms)  (pid 1828)
Compiled jquery_ujs.js  (0ms)  (pid 1828)
Compiled bootstrap.js  (5943ms)  (pid 1828)
Compiled contact.js  (7072ms)  (pid 1828)
Compiled items.js  (4898ms)  (pid 1828)
Compiled less.js  (1ms)  (pid 1828)
Compiled main.js  (679ms)  (pid 1828)
Compiled sessions.js  (465ms)  (pid 1828)
Compiled types.js  (2922ms)  (pid 1828)
Compiled users.js  (510ms)  (pid 1828)
Compiled application.js  (25313ms)  (pid 1828)
Compiled bootstrap_and_overrides.css  (16822ms)  (pid 1828)
Compiled contact.css  (67ms)  (pid 1828)
Compiled devise_example.css  (7ms)  (pid 1828)
Compiled items.css  (22ms)  (pid 1828)
Compiled items_main.css  (0ms)  (pid 1828)
Compiled listings.css  (0ms)  (pid 1828)
Compiled main.css  (9ms)  (pid 1828)
Compiled scaffolds.css  (17ms)  (pid 1828)
Compiled sessions.css  (29ms)  (pid 1828)
Compiled template.css  (0ms)  (pid 1828)
Compiled template2.css  (0ms)  (pid 1828)
Compiled template3.css  (2551ms)  (pid 1828)
Compiled types.css  (17ms)  (pid 1828)
Compiled users.css  (4ms)  (pid 1828)
Compiled application.css  (25189ms)  (pid 1828)
Compiled jquery.js  (3ms)  (pid 1828)
Compiled jquery_ujs.js  (0ms)  (pid 1828)
Compiled bootstrap.js  (353ms)  (pid 1828)
Compiled contact.js  (136ms)  (pid 1828)
Compiled items.js  (454ms)  (pid 1828)
Compiled less.js  (1ms)  (pid 1828)
Compiled main.js  (173ms)  (pid 1828)
Compiled sessions.js  (145ms)  (pid 1828)
Compiled types.js  (192ms)  (pid 1828)
Compiled users.js  (150ms)  (pid 1828)
Compiled application.js  (2347ms)  (pid 1828)
Compiled bootstrap_and_overrides.css  (2882ms)  (pid 1828)
Compiled contact.css  (4ms)  (pid 1828)
Compiled devise_example.css  (0ms)  (pid 1828)
Compiled items.css  (3ms)  (pid 1828)
Compiled items_main.css  (0ms)  (pid 1828)
Compiled listings.css  (0ms)  (pid 1828)
Compiled main.css  (3ms)  (pid 1828)
Compiled scaffolds.css  (11ms)  (pid 1828)
Compiled sessions.css  (3ms)  (pid 1828)
Compiled template.css  (0ms)  (pid 1828)
Compiled template2.css  (0ms)  (pid 1828)
Compiled template3.css  (2178ms)  (pid 1828)
Compiled types.css  (3ms)  (pid 1828)
Compiled users.css  (3ms)  (pid 1828)
Compiled application.css  (5972ms)  (pid 1828)
Compiled jquery.js  (4ms)  (pid 2739)
Compiled jquery_ujs.js  (0ms)  (pid 2739)
Compiled bootstrap.js  (1206ms)  (pid 2739)
Compiled contact.js  (151ms)  (pid 2739)
Compiled items.js  (161ms)  (pid 2739)
Compiled less.js  (1ms)  (pid 2739)
Compiled main.js  (144ms)  (pid 2739)
Compiled sessions.js  (169ms)  (pid 2739)
Compiled types.js  (171ms)  (pid 2739)
Compiled users.js  (227ms)  (pid 2739)
Compiled application.js  (3031ms)  (pid 2739)
Compiled bootstrap_and_overrides.css  (6445ms)  (pid 2739)
Compiled contact.css  (3ms)  (pid 2739)
Compiled devise_example.css  (0ms)  (pid 2739)
Compiled items.css  (14ms)  (pid 2739)
Compiled items_main.css  (0ms)  (pid 2739)
Compiled listings.css  (1ms)  (pid 2739)
Compiled main.css  (16ms)  (pid 2739)
Compiled scaffolds.css  (43ms)  (pid 2739)
Compiled sessions.css  (3ms)  (pid 2739)
Compiled template.css  (0ms)  (pid 2739)
Compiled template2.css  (0ms)  (pid 2739)
Compiled template3.css  (2389ms)  (pid 2739)
Compiled types.css  (3ms)  (pid 2739)
Compiled users.css  (4ms)  (pid 2739)
Compiled application.css  (10465ms)  (pid 2739)
Compiled jquery.js  (3ms)  (pid 2739)
Compiled jquery_ujs.js  (0ms)  (pid 2739)
Compiled bootstrap.js  (475ms)  (pid 2739)
Compiled contact.js  (230ms)  (pid 2739)
Compiled items.js  (186ms)  (pid 2739)
Compiled less.js  (1ms)  (pid 2739)
Compiled main.js  (264ms)  (pid 2739)
Compiled sessions.js  (183ms)  (pid 2739)
Compiled types.js  (178ms)  (pid 2739)
Compiled users.js  (413ms)  (pid 2739)
Compiled application.js  (2734ms)  (pid 2739)
Compiled bootstrap_and_overrides.css  (5722ms)  (pid 2739)
Compiled contact.css  (6ms)  (pid 2739)
Compiled devise_example.css  (1ms)  (pid 2739)
Compiled items.css  (3ms)  (pid 2739)
Compiled items_main.css  (0ms)  (pid 2739)
Compiled listings.css  (0ms)  (pid 2739)
Compiled main.css  (3ms)  (pid 2739)
Compiled scaffolds.css  (18ms)  (pid 2739)
Compiled sessions.css  (3ms)  (pid 2739)
Compiled template.css  (0ms)  (pid 2739)
Compiled template2.css  (0ms)  (pid 2739)
Compiled template3.css  (3097ms)  (pid 2739)
Compiled types.css  (4ms)  (pid 2739)
Compiled users.css  (4ms)  (pid 2739)
Compiled application.css  (9327ms)  (pid 2739)
